<Objs Version="1.1.0.1" xmlns="http://schemas.microsoft.com/powershell/2004/04">
  <Obj RefId="0">
    <TN RefId="0">
      <T>System.Security.AccessControl.FileSecurity</T>
      <T>System.Security.AccessControl.FileSystemSecurity</T>
      <T>System.Security.AccessControl.NativeObjectSecurity</T>
      <T>System.Security.AccessControl.CommonObjectSecurity</T>
      <T>System.Security.AccessControl.ObjectSecurity</T>
      <T>System.Object</T>
    </TN>
    <ToString>System.Security.AccessControl.FileSecurity</ToString>
    <Props>
      <S N="AccessRightType">System.Security.AccessControl.FileSystemRights</S>
      <S N="AccessRuleType">System.Security.AccessControl.FileSystemAccessRule</S>
      <S N="AuditRuleType">System.Security.AccessControl.FileSystemAuditRule</S>
      <B N="AreAccessRulesProtected">false</B>
      <B N="AreAuditRulesProtected">false</B>
      <B N="AreAccessRulesCanonical">true</B>
      <B N="AreAuditRulesCanonical">true</B>
    </Props>
    <MS>
      <S N="PSPath">Microsoft.PowerShell.Core\FileSystem::F:\Scripts\test-acl.txt</S>
      <S N="PSParentPath">Microsoft.PowerShell.Core\FileSystem::F:\Scripts</S>
      <S N="PSChildName">test-acl.txt</S>
      <Obj N="PSDrive" RefId="1">
        <TN RefId="1">
          <T>System.Management.Automation.PSDriveInfo</T>
          <T>System.Object</T>
        </TN>
        <ToString>F</ToString>
        <Props>
          <S N="CurrentLocation">Scripts</S>
          <S N="Name">F</S>
          <S N="Provider">Microsoft.PowerShell.Core\FileSystem</S>
          <S N="Root">F:\</S>
          <S N="Description">Solutions</S>
          <Nil N="MaximumSize" />
          <Obj N="Credential" RefId="2">
            <TN RefId="2">
              <T>System.Management.Automation.PSCredential</T>
              <T>System.Object</T>
            </TN>
            <ToString>System.Management.Automation.PSCredential</ToString>
            <Props>
              <Nil N="UserName" />
              <Nil N="Password" />
            </Props>
          </Obj>
          <Nil N="DisplayRoot" />
          <B N="VolumeSeparatedByColon">true</B>
        </Props>
        <MS>
          <I64 N="Used">230543241216</I64>
          <I64 N="Free">793630294016</I64>
        </MS>
      </Obj>
      <Obj N="PSProvider" RefId="3">
        <TN RefId="3">
          <T>System.Management.Automation.ProviderInfo</T>
          <T>System.Object</T>
        </TN>
        <ToString>Microsoft.PowerShell.Core\FileSystem</ToString>
        <Props>
          <S N="ImplementingType">Microsoft.PowerShell.Commands.FileSystemProvider</S>
          <S N="HelpFile">System.Management.Automation.dll-Help.xml</S>
          <S N="Name">FileSystem</S>
          <S N="PSSnapIn">Microsoft.PowerShell.Core</S>
          <S N="ModuleName">Microsoft.PowerShell.Core</S>
          <Nil N="Module" />
          <S N="Description"></S>
          <S N="Capabilities">Filter, ShouldProcess, Credentials</S>
          <S N="Home">C:\Users\bm</S>
          <Obj N="Drives" RefId="4">
            <TN RefId="4">
              <T>System.Collections.ObjectModel.Collection`1[[System.Management.Automation.PSDriveInfo, System.Management.Automation, Version=7.3.6.500, Culture=neutral, PublicKeyToken=31bf3856ad364e35]]</T>
              <T>System.Object</T>
            </TN>
            <LST>
              <S>C</S>
              <Ref RefId="1" />
              <S>Temp</S>
              <S>VG</S>
              <S>Y</S>
            </LST>
          </Obj>
          <B N="VolumeSeparatedByColon">true</B>
          <C N="ItemSeparator">92</C>
          <C N="AltItemSeparator">47</C>
        </Props>
      </Obj>
      <Nil N="CentralAccessPolicyId" />
      <S N="Path">Microsoft.PowerShell.Core\FileSystem::F:\Scripts\test-acl.txt</S>
      <S N="Owner">BUILTIN\Administrators</S>
      <S N="Group">VIV\bm</S>
      <Obj N="Access" RefId="5">
        <TN RefId="5">
          <T>System.Security.AccessControl.AuthorizationRuleCollection</T>
          <T>System.Collections.ReadOnlyCollectionBase</T>
          <T>System.Object</T>
        </TN>
        <IE>
          <S>System.Security.AccessControl.FileSystemAccessRule</S>
          <S>System.Security.AccessControl.FileSystemAccessRule</S>
          <S>System.Security.AccessControl.FileSystemAccessRule</S>
          <S>System.Security.AccessControl.FileSystemAccessRule</S>
        </IE>
      </Obj>
      <S N="Sddl">O:BAG:S-1-5-21-4146446603-2026128099-139667454-1001D:(A;ID;FA;;;BA)(A;ID;FA;;;SY)(A;ID;0x1301bf;;;AU)(A;ID;0x1200a9;;;BU)</S>
      <S N="AccessToString">BUILTIN\Administrators Allow  FullControl_x000A_NT AUTHORITY\SYSTEM Allow  FullControl_x000A_NT AUTHORITY\Authenticated Users Allow  Modify, Synchronize_x000A_BUILTIN\Users Allow  ReadAndExecute, Synchronize</S>
      <S N="AuditToString"></S>
    </MS>
  </Obj>
</Objs>